<?xml version="1.0" encoding="UTF-8"?>
<testsuite xmlns:xsi="http://www.w3.org/2001/XMLSchema-instance" xsi:noNamespaceSchemaLocation="https://maven.apache.org/surefire/maven-surefire-plugin/xsd/surefire-test-report-3.0.xsd" version="3.0" name="com.norgini.employeemanager.EmployeemanagerApplicationIntegrationTest" time="7.151" tests="1" errors="0" skipped="0" failures="0">
  <properties>
[...]
</properties>
  <testcase name="testApplicationStarts" classname="com.norgini.employeemanager.EmployeemanagerApplicationIntegrationTest" time="1.585">
    <system-out><![CDATA[13:44:05.503 [main] INFO org.springframework.test.context.support.AnnotationConfigContextLoaderUtils -- Could not detect default configuration classes for test class [com.norgini.employeemanager.EmployeemanagerApplicationIntegrationTest]: EmployeemanagerApplicationIntegrationTest does not declare any static, non-private, non-final, nested classes annotated with @Configuration.
13:44:05.643 [main] INFO org.springframework.boot.test.context.SpringBootTestContextBootstrapper -- Found @SpringBootConfiguration com.norgini.employeemanager.EmployeemanagerApplication for test class com.norgini.employeemanager.EmployeemanagerApplicationIntegrationTest

  .   ____          _            __ _ _
 /\\ / ___'_ __ _ _(_)_ __  __ _ \ \ \ \
( ( )\___ | '_ | '_| | '_ \/ _` | \ \ \ \
 \\/  ___)| |_)| | | | | || (_| |  ) ) ) )
  '  |____| .__|_| |_|_| |_\__, | / / / /
 =========|_|==============|___/=/_/_/_/
 :: Spring Boot ::                (v3.1.1)

2023-07-13T13:44:06.213-03:00  INFO 10168 --- [           main] mployeemanagerApplicationIntegrationTest : Starting EmployeemanagerApplicationIntegrationTest using Java 17.0.5 with PID 10168 (started by julia in C:\Users\julia\OneDrive\Área de Trabalho\ADS\Projetos\employees\employees\backend)
2023-07-13T13:44:06.213-03:00  INFO 10168 --- [           main] mployeemanagerApplicationIntegrationTest : The following 1 profile is active: "test"
2023-07-13T13:44:07.006-03:00  INFO 10168 --- [           main] .s.d.r.c.RepositoryConfigurationDelegate : Bootstrapping Spring Data JPA repositories in DEFAULT mode.
2023-07-13T13:44:07.084-03:00  INFO 10168 --- [           main] .s.d.r.c.RepositoryConfigurationDelegate : Finished Spring Data repository scanning in 67 ms. Found 1 JPA repository interfaces.
2023-07-13T13:44:07.600-03:00  INFO 10168 --- [           main] com.zaxxer.hikari.HikariDataSource       : HikariPool-1 - Starting...
2023-07-13T13:44:07.943-03:00  INFO 10168 --- [           main] com.zaxxer.hikari.pool.HikariPool        : HikariPool-1 - Added connection conn0: url=jdbc:h2:mem:testdb user=SA
2023-07-13T13:44:07.943-03:00  INFO 10168 --- [           main] com.zaxxer.hikari.HikariDataSource       : HikariPool-1 - Start completed.
2023-07-13T13:44:08.006-03:00  INFO 10168 --- [           main] o.hibernate.jpa.internal.util.LogHelper  : HHH000204: Processing PersistenceUnitInfo [name: default]
2023-07-13T13:44:08.069-03:00  INFO 10168 --- [           main] org.hibernate.Version                    : HHH000412: Hibernate ORM core version 6.2.5.Final
2023-07-13T13:44:08.084-03:00  INFO 10168 --- [           main] org.hibernate.cfg.Environment            : HHH000406: Using bytecode reflection optimizer
2023-07-13T13:44:08.334-03:00  INFO 10168 --- [           main] o.h.b.i.BytecodeProviderInitiator        : HHH000021: Bytecode provider name : bytebuddy
2023-07-13T13:44:08.584-03:00  INFO 10168 --- [           main] o.s.o.j.p.SpringPersistenceUnitInfo      : No LoadTimeWeaver setup: ignoring JPA class transformer
2023-07-13T13:44:08.959-03:00  INFO 10168 --- [           main] o.h.b.i.BytecodeProviderInitiator        : HHH000021: Bytecode provider name : bytebuddy
2023-07-13T13:44:09.694-03:00  INFO 10168 --- [           main] o.h.e.t.j.p.i.JtaPlatformInitiator       : HHH000490: Using JtaPlatform implementation: [org.hibernate.engine.transaction.jta.platform.internal.NoJtaPlatform]
Hibernate: 
    drop table if exists employee cascade 
Hibernate: 
    drop sequence if exists employee_seq
Hibernate: 
    create sequence employee_seq start with 1 increment by 50
Hibernate: 
    create table employee (
        id bigint not null,
        email varchar(255),
        employee_code varchar(255) not null,
        image_url varchar(255),
        job_title varchar(255),
        name varchar(255),
        phone varchar(255),
        primary key (id)
    )
2023-07-13T13:44:09.741-03:00  INFO 10168 --- [           main] j.LocalContainerEntityManagerFactoryBean : Initialized JPA EntityManagerFactory for persistence unit 'default'
2023-07-13T13:44:10.772-03:00  INFO 10168 --- [           main] o.s.b.a.h2.H2ConsoleAutoConfiguration    : H2 console available at '/h2-console'. Database available at 'jdbc:h2:mem:testdb'
2023-07-13T13:44:10.818-03:00  INFO 10168 --- [           main] mployeemanagerApplicationIntegrationTest : Started EmployeemanagerApplicationIntegrationTest in 4.939 seconds (process running for 6.15)

  .   ____          _            __ _ _
 /\\ / ___'_ __ _ _(_)_ __  __ _ \ \ \ \
( ( )\___ | '_ | '_| | '_ \/ _` | \ \ \ \
 \\/  ___)| |_)| | | | | || (_| |  ) ) ) )
  '  |____| .__|_| |_|_| |_\__, | / / / /
 =========|_|==============|___/=/_/_/_/
 :: Spring Boot ::                (v3.1.1)

2023-07-13T13:44:11.373-03:00  INFO 10168 --- [           main] c.n.e.EmployeemanagerApplication         : Starting EmployeemanagerApplication using Java 17.0.5 with PID 10168 (started by julia in C:\Users\julia\OneDrive\Área de Trabalho\ADS\Projetos\employees\employees\backend)
2023-07-13T13:44:11.373-03:00  INFO 10168 --- [           main] c.n.e.EmployeemanagerApplication         : The following 1 profile is active: "test"
2023-07-13T13:44:11.576-03:00  INFO 10168 --- [           main] .s.d.r.c.RepositoryConfigurationDelegate : Bootstrapping Spring Data JPA repositories in DEFAULT mode.
2023-07-13T13:44:11.592-03:00  INFO 10168 --- [           main] .s.d.r.c.RepositoryConfigurationDelegate : Finished Spring Data repository scanning in 11 ms. Found 1 JPA repository interfaces.
2023-07-13T13:44:11.901-03:00  INFO 10168 --- [           main] o.s.b.w.embedded.tomcat.TomcatWebServer  : Tomcat initialized with port(s): 8080 (http)
2023-07-13T13:44:11.925-03:00  INFO 10168 --- [           main] o.apache.catalina.core.StandardService   : Starting service [Tomcat]
2023-07-13T13:44:11.925-03:00  INFO 10168 --- [           main] o.apache.catalina.core.StandardEngine    : Starting Servlet engine: [Apache Tomcat/10.1.10]
2023-07-13T13:44:12.080-03:00  INFO 10168 --- [           main] o.a.c.c.C.[Tomcat].[localhost].[/]       : Initializing Spring embedded WebApplicationContext
2023-07-13T13:44:12.080-03:00  INFO 10168 --- [           main] w.s.c.ServletWebServerApplicationContext : Root WebApplicationContext: initialization completed in 707 ms
2023-07-13T13:44:12.095-03:00  INFO 10168 --- [           main] com.zaxxer.hikari.HikariDataSource       : HikariPool-2 - Starting...
2023-07-13T13:44:12.095-03:00  INFO 10168 --- [           main] com.zaxxer.hikari.pool.HikariPool        : HikariPool-2 - Added connection conn10: url=jdbc:h2:mem:testdb user=SA
2023-07-13T13:44:12.095-03:00  INFO 10168 --- [           main] com.zaxxer.hikari.HikariDataSource       : HikariPool-2 - Start completed.
2023-07-13T13:44:12.095-03:00  INFO 10168 --- [           main] o.s.b.a.h2.H2ConsoleAutoConfiguration    : H2 console available at '/h2-console'. Database available at 'jdbc:h2:mem:testdb'
2023-07-13T13:44:12.179-03:00  INFO 10168 --- [           main] o.hibernate.jpa.internal.util.LogHelper  : HHH000204: Processing PersistenceUnitInfo [name: default]
2023-07-13T13:44:12.195-03:00  INFO 10168 --- [           main] o.h.b.i.BytecodeProviderInitiator        : HHH000021: Bytecode provider name : bytebuddy
2023-07-13T13:44:12.195-03:00  INFO 10168 --- [           main] o.s.o.j.p.SpringPersistenceUnitInfo      : No LoadTimeWeaver setup: ignoring JPA class transformer
2023-07-13T13:44:12.195-03:00  INFO 10168 --- [           main] o.h.b.i.BytecodeProviderInitiator        : HHH000021: Bytecode provider name : bytebuddy
2023-07-13T13:44:12.226-03:00  INFO 10168 --- [           main] o.h.e.t.j.p.i.JtaPlatformInitiator       : HHH000490: Using JtaPlatform implementation: [org.hibernate.engine.transaction.jta.platform.internal.NoJtaPlatform]
Hibernate: 
    drop table if exists employee cascade 
Hibernate: 
    drop sequence if exists employee_seq
Hibernate: 
    create sequence employee_seq start with 1 increment by 50
Hibernate: 
    create table employee (
        id bigint not null,
        email varchar(255),
        employee_code varchar(255) not null,
        image_url varchar(255),
        job_title varchar(255),
        name varchar(255),
        phone varchar(255),
        primary key (id)
    )
2023-07-13T13:44:12.226-03:00  INFO 10168 --- [           main] j.LocalContainerEntityManagerFactoryBean : Initialized JPA EntityManagerFactory for persistence unit 'default'
2023-07-13T13:44:12.420-03:00  INFO 10168 --- [           main] o.s.b.w.embedded.tomcat.TomcatWebServer  : Tomcat started on port(s): 8080 (http) with context path ''
2023-07-13T13:44:12.420-03:00  INFO 10168 --- [           main] c.n.e.EmployeemanagerApplication         : Started EmployeemanagerApplication in 1.081 seconds (process running for 7.752)
]]></system-out>
  </testcase>
</testsuite>